[0.170s] DEBUG:colcon:Command line arguments: ['/usr/bin/colcon', 'build']
[0.170s] DEBUG:colcon:Parsed command line arguments: Namespace(log_base=None, log_level=None, verb_name='build', build_base='build', install_base='install', merge_install=False, symlink_install=False, test_result_base=None, continue_on_error=False, executor='parallel', parallel_workers=8, event_handlers=None, ignore_user_meta=False, metas=['./colcon.meta'], base_paths=['.'], packages_ignore=None, packages_ignore_regex=None, paths=None, packages_up_to=None, packages_up_to_regex=None, packages_above=None, packages_above_and_dependencies=None, packages_above_depth=None, packages_select_by_dep=None, packages_skip_by_dep=None, packages_skip_up_to=None, packages_select_build_failed=False, packages_skip_build_finished=False, packages_select_test_failures=False, packages_skip_test_passed=False, packages_select=None, packages_skip=None, packages_select_regex=None, packages_skip_regex=None, packages_start=None, packages_end=None, allow_overriding=[], cmake_args=None, cmake_target=None, cmake_target_skip_unavailable=False, cmake_clean_cache=False, cmake_clean_first=False, cmake_force_configure=False, ament_cmake_args=None, catkin_cmake_args=None, catkin_skip_building_tests=False, mixin_files=None, mixin=None, verb_parser=<colcon_mixin.mixin.mixin_argument.MixinArgumentDecorator object at 0x7fc725c1d7e0>, verb_extension=<colcon_core.verb.build.BuildVerb object at 0x7fc725d1e710>, main=<bound method BuildVerb.main of <colcon_core.verb.build.BuildVerb object at 0x7fc725d1e710>>, mixin_verb=('build',))
[0.329s] Level 1:colcon.colcon_core.package_discovery:discover_packages(colcon_meta) check parameters
[0.329s] Level 1:colcon.colcon_core.package_discovery:discover_packages(recursive) check parameters
[0.329s] Level 1:colcon.colcon_core.package_discovery:discover_packages(ignore) check parameters
[0.329s] Level 1:colcon.colcon_core.package_discovery:discover_packages(path) check parameters
[0.329s] Level 1:colcon.colcon_core.package_discovery:discover_packages(colcon_meta) discover
[0.329s] Level 1:colcon.colcon_core.package_discovery:discover_packages(recursive) discover
[0.329s] INFO:colcon.colcon_core.package_discovery:Crawling recursively for packages in '/home/johann/Documents/GitHub/moray_ws'
[0.329s] Level 1:colcon.colcon_core.package_identification:_identify(.) by extensions ['ignore', 'ignore_ament_install']
[0.329s] Level 1:colcon.colcon_core.package_identification:_identify(.) by extension 'ignore'
[0.329s] Level 1:colcon.colcon_core.package_identification:_identify(.) by extension 'ignore_ament_install'
[0.329s] Level 1:colcon.colcon_core.package_identification:_identify(.) by extensions ['colcon_pkg']
[0.329s] Level 1:colcon.colcon_core.package_identification:_identify(.) by extension 'colcon_pkg'
[0.329s] Level 1:colcon.colcon_core.package_identification:_identify(.) by extensions ['colcon_meta']
[0.329s] Level 1:colcon.colcon_core.package_identification:_identify(.) by extension 'colcon_meta'
[0.329s] Level 1:colcon.colcon_core.package_identification:_identify(.) by extensions ['ros']
[0.329s] Level 1:colcon.colcon_core.package_identification:_identify(.) by extension 'ros'
[0.338s] Level 1:colcon.colcon_core.package_identification:_identify(.) by extensions ['cmake', 'python']
[0.338s] Level 1:colcon.colcon_core.package_identification:_identify(.) by extension 'cmake'
[0.338s] Level 1:colcon.colcon_core.package_identification:_identify(.) by extension 'python'
[0.338s] Level 1:colcon.colcon_core.package_identification:_identify(.) by extensions ['python_setup_py']
[0.338s] Level 1:colcon.colcon_core.package_identification:_identify(.) by extension 'python_setup_py'
[0.338s] Level 1:colcon.colcon_core.package_identification:_identify(Moray_Robot_inspection) by extensions ['ignore', 'ignore_ament_install']
[0.338s] Level 1:colcon.colcon_core.package_identification:_identify(Moray_Robot_inspection) by extension 'ignore'
[0.338s] Level 1:colcon.colcon_core.package_identification:_identify(Moray_Robot_inspection) by extension 'ignore_ament_install'
[0.338s] Level 1:colcon.colcon_core.package_identification:_identify(Moray_Robot_inspection) by extensions ['colcon_pkg']
[0.339s] Level 1:colcon.colcon_core.package_identification:_identify(Moray_Robot_inspection) by extension 'colcon_pkg'
[0.339s] Level 1:colcon.colcon_core.package_identification:_identify(Moray_Robot_inspection) by extensions ['colcon_meta']
[0.339s] Level 1:colcon.colcon_core.package_identification:_identify(Moray_Robot_inspection) by extension 'colcon_meta'
[0.339s] Level 1:colcon.colcon_core.package_identification:_identify(Moray_Robot_inspection) by extensions ['ros']
[0.339s] Level 1:colcon.colcon_core.package_identification:_identify(Moray_Robot_inspection) by extension 'ros'
[0.339s] Level 1:colcon.colcon_core.package_identification:_identify(Moray_Robot_inspection) by extensions ['cmake', 'python']
[0.339s] Level 1:colcon.colcon_core.package_identification:_identify(Moray_Robot_inspection) by extension 'cmake'
[0.339s] Level 1:colcon.colcon_core.package_identification:_identify(Moray_Robot_inspection) by extension 'python'
[0.339s] Level 1:colcon.colcon_core.package_identification:_identify(Moray_Robot_inspection) by extensions ['python_setup_py']
[0.339s] Level 1:colcon.colcon_core.package_identification:_identify(Moray_Robot_inspection) by extension 'python_setup_py'
[0.387s] Level 1:colcon.colcon_core.package_identification:_identify(Moray_Robot_inspection/farm_inspection) by extensions ['ignore', 'ignore_ament_install']
[0.387s] Level 1:colcon.colcon_core.package_identification:_identify(Moray_Robot_inspection/farm_inspection) by extension 'ignore'
[0.387s] Level 1:colcon.colcon_core.package_identification:_identify(Moray_Robot_inspection/farm_inspection) by extension 'ignore_ament_install'
[0.387s] Level 1:colcon.colcon_core.package_identification:_identify(Moray_Robot_inspection/farm_inspection) by extensions ['colcon_pkg']
[0.387s] Level 1:colcon.colcon_core.package_identification:_identify(Moray_Robot_inspection/farm_inspection) by extension 'colcon_pkg'
[0.387s] Level 1:colcon.colcon_core.package_identification:_identify(Moray_Robot_inspection/farm_inspection) by extensions ['colcon_meta']
[0.387s] Level 1:colcon.colcon_core.package_identification:_identify(Moray_Robot_inspection/farm_inspection) by extension 'colcon_meta'
[0.387s] Level 1:colcon.colcon_core.package_identification:_identify(Moray_Robot_inspection/farm_inspection) by extensions ['ros']
[0.387s] Level 1:colcon.colcon_core.package_identification:_identify(Moray_Robot_inspection/farm_inspection) by extension 'ros'
[0.414s] DEBUG:colcon.colcon_core.package_identification:Package 'Moray_Robot_inspection/farm_inspection' with type 'ros.ament_cmake' and name 'farm_inspection'
[0.414s] Level 1:colcon.colcon_core.package_identification:_identify(build) by extensions ['ignore', 'ignore_ament_install']
[0.414s] Level 1:colcon.colcon_core.package_identification:_identify(build) by extension 'ignore'
[0.414s] Level 1:colcon.colcon_core.package_identification:_identify(build) ignored
[0.414s] Level 1:colcon.colcon_core.package_identification:_identify(install) by extensions ['ignore', 'ignore_ament_install']
[0.414s] Level 1:colcon.colcon_core.package_identification:_identify(install) by extension 'ignore'
[0.414s] Level 1:colcon.colcon_core.package_identification:_identify(install) ignored
[0.414s] Level 1:colcon.colcon_core.package_identification:_identify(log) by extensions ['ignore', 'ignore_ament_install']
[0.414s] Level 1:colcon.colcon_core.package_identification:_identify(log) by extension 'ignore'
[0.414s] Level 1:colcon.colcon_core.package_identification:_identify(log) ignored
[0.414s] Level 1:colcon.colcon_core.package_discovery:discover_packages(recursive) using defaults
[0.414s] Level 1:colcon.colcon_core.package_discovery:discover_packages(ignore) discover
[0.414s] Level 1:colcon.colcon_core.package_discovery:discover_packages(ignore) using defaults
[0.414s] Level 1:colcon.colcon_core.package_discovery:discover_packages(path) discover
[0.414s] Level 1:colcon.colcon_core.package_discovery:discover_packages(path) using defaults
[0.443s] Level 1:colcon.colcon_core.package_discovery:discover_packages(prefix_path) check parameters
[0.443s] Level 1:colcon.colcon_core.package_discovery:discover_packages(prefix_path) discover
[0.446s] DEBUG:colcon.colcon_installed_package_information.package_discovery:Found 354 installed packages in /opt/ros/humble
[0.447s] Level 1:colcon.colcon_core.package_discovery:discover_packages(prefix_path) using defaults
[0.470s] Level 5:colcon.colcon_core.verb:set package 'farm_inspection' build argument 'cmake_args' from command line to 'None'
[0.470s] Level 5:colcon.colcon_core.verb:set package 'farm_inspection' build argument 'cmake_target' from command line to 'None'
[0.470s] Level 5:colcon.colcon_core.verb:set package 'farm_inspection' build argument 'cmake_target_skip_unavailable' from command line to 'False'
[0.470s] Level 5:colcon.colcon_core.verb:set package 'farm_inspection' build argument 'cmake_clean_cache' from command line to 'False'
[0.470s] Level 5:colcon.colcon_core.verb:set package 'farm_inspection' build argument 'cmake_clean_first' from command line to 'False'
[0.470s] Level 5:colcon.colcon_core.verb:set package 'farm_inspection' build argument 'cmake_force_configure' from command line to 'False'
[0.470s] Level 5:colcon.colcon_core.verb:set package 'farm_inspection' build argument 'ament_cmake_args' from command line to 'None'
[0.470s] Level 5:colcon.colcon_core.verb:set package 'farm_inspection' build argument 'catkin_cmake_args' from command line to 'None'
[0.470s] Level 5:colcon.colcon_core.verb:set package 'farm_inspection' build argument 'catkin_skip_building_tests' from command line to 'False'
[0.470s] DEBUG:colcon.colcon_core.verb:Building package 'farm_inspection' with the following arguments: {'ament_cmake_args': None, 'build_base': '/home/johann/Documents/GitHub/moray_ws/build/farm_inspection', 'catkin_cmake_args': None, 'catkin_skip_building_tests': False, 'cmake_args': None, 'cmake_clean_cache': False, 'cmake_clean_first': False, 'cmake_force_configure': False, 'cmake_target': None, 'cmake_target_skip_unavailable': False, 'install_base': '/home/johann/Documents/GitHub/moray_ws/install/farm_inspection', 'merge_install': False, 'path': '/home/johann/Documents/GitHub/moray_ws/Moray_Robot_inspection/farm_inspection', 'symlink_install': False, 'test_result_base': None}
[0.470s] INFO:colcon.colcon_core.executor:Executing jobs using 'parallel' executor
[0.471s] DEBUG:colcon.colcon_parallel_executor.executor.parallel:run_until_complete
[0.471s] INFO:colcon.colcon_ros.task.ament_cmake.build:Building ROS package in '/home/johann/Documents/GitHub/moray_ws/Moray_Robot_inspection/farm_inspection' with build type 'ament_cmake'
[0.471s] INFO:colcon.colcon_cmake.task.cmake.build:Building CMake package in '/home/johann/Documents/GitHub/moray_ws/Moray_Robot_inspection/farm_inspection'
[0.474s] INFO:colcon.colcon_core.plugin_system:Skipping extension 'colcon_core.shell.bat': Not used on non-Windows systems
[0.475s] INFO:colcon.colcon_core.shell:Skip shell extension 'powershell' for command environment: Not usable outside of PowerShell
[0.475s] DEBUG:colcon.colcon_core.shell:Skip shell extension 'dsv' for command environment
[0.586s] DEBUG:colcon.colcon_core.event_handler.log_command:Invoking command in '/home/johann/Documents/GitHub/moray_ws/build/farm_inspection': CMAKE_PREFIX_PATH=/opt/ros/humble /usr/bin/cmake --build /home/johann/Documents/GitHub/moray_ws/build/farm_inspection -- -j8 -l8
[0.862s] DEBUG:colcon.colcon_core.event_handler.log_command:Invoked command in '/home/johann/Documents/GitHub/moray_ws/build/farm_inspection' returned '0': CMAKE_PREFIX_PATH=/opt/ros/humble /usr/bin/cmake --build /home/johann/Documents/GitHub/moray_ws/build/farm_inspection -- -j8 -l8
[1.402s] DEBUG:colcon.colcon_core.event_handler.log_command:Invoking command in '/home/johann/Documents/GitHub/moray_ws/build/farm_inspection': CMAKE_PREFIX_PATH=/opt/ros/humble /usr/bin/cmake --install /home/johann/Documents/GitHub/moray_ws/build/farm_inspection
[2.795s] Level 1:colcon.colcon_core.environment:create_environment_scripts_only(farm_inspection)
[2.796s] DEBUG:colcon.colcon_core.event_handler.log_command:Invoked command in '/home/johann/Documents/GitHub/moray_ws/build/farm_inspection' returned '0': CMAKE_PREFIX_PATH=/opt/ros/humble /usr/bin/cmake --install /home/johann/Documents/GitHub/moray_ws/build/farm_inspection
[2.803s] Level 1:colcon.colcon_core.environment:checking '/home/johann/Documents/GitHub/moray_ws/install/farm_inspection' for CMake module files
[2.803s] Level 1:colcon.colcon_core.environment:checking '/home/johann/Documents/GitHub/moray_ws/install/farm_inspection' for CMake config files
[2.803s] Level 1:colcon.colcon_core.shell:create_environment_hook('farm_inspection', 'cmake_prefix_path')
[2.803s] INFO:colcon.colcon_core.shell:Creating environment hook '/home/johann/Documents/GitHub/moray_ws/install/farm_inspection/share/farm_inspection/hook/cmake_prefix_path.ps1'
[2.804s] INFO:colcon.colcon_core.shell:Creating environment descriptor '/home/johann/Documents/GitHub/moray_ws/install/farm_inspection/share/farm_inspection/hook/cmake_prefix_path.dsv'
[2.804s] INFO:colcon.colcon_core.shell:Creating environment hook '/home/johann/Documents/GitHub/moray_ws/install/farm_inspection/share/farm_inspection/hook/cmake_prefix_path.sh'
[2.805s] Level 1:colcon.colcon_core.environment:checking '/home/johann/Documents/GitHub/moray_ws/install/farm_inspection/bin'
[2.805s] Level 1:colcon.colcon_core.environment:checking '/home/johann/Documents/GitHub/moray_ws/install/farm_inspection/lib/pkgconfig/farm_inspection.pc'
[2.805s] Level 1:colcon.colcon_core.environment:checking '/home/johann/Documents/GitHub/moray_ws/install/farm_inspection/lib/python3.10/site-packages'
[2.805s] Level 1:colcon.colcon_core.environment:checking '/home/johann/Documents/GitHub/moray_ws/install/farm_inspection/bin'
[2.806s] INFO:colcon.colcon_core.shell:Creating package script '/home/johann/Documents/GitHub/moray_ws/install/farm_inspection/share/farm_inspection/package.ps1'
[2.806s] INFO:colcon.colcon_core.shell:Creating package descriptor '/home/johann/Documents/GitHub/moray_ws/install/farm_inspection/share/farm_inspection/package.dsv'
[2.806s] INFO:colcon.colcon_core.shell:Creating package script '/home/johann/Documents/GitHub/moray_ws/install/farm_inspection/share/farm_inspection/package.sh'
[2.807s] INFO:colcon.colcon_core.shell:Creating package script '/home/johann/Documents/GitHub/moray_ws/install/farm_inspection/share/farm_inspection/package.bash'
[2.807s] INFO:colcon.colcon_core.shell:Creating package script '/home/johann/Documents/GitHub/moray_ws/install/farm_inspection/share/farm_inspection/package.zsh'
[2.808s] Level 1:colcon.colcon_core.environment:create_file_with_runtime_dependencies(/home/johann/Documents/GitHub/moray_ws/install/farm_inspection/share/colcon-core/packages/farm_inspection)
[2.808s] Level 1:colcon.colcon_core.environment:create_environment_scripts_only(farm_inspection)
[2.808s] Level 1:colcon.colcon_core.environment:checking '/home/johann/Documents/GitHub/moray_ws/install/farm_inspection' for CMake module files
[2.809s] Level 1:colcon.colcon_core.environment:checking '/home/johann/Documents/GitHub/moray_ws/install/farm_inspection' for CMake config files
[2.809s] Level 1:colcon.colcon_core.shell:create_environment_hook('farm_inspection', 'cmake_prefix_path')
[2.809s] INFO:colcon.colcon_core.shell:Creating environment hook '/home/johann/Documents/GitHub/moray_ws/install/farm_inspection/share/farm_inspection/hook/cmake_prefix_path.ps1'
[2.896s] INFO:colcon.colcon_core.shell:Creating environment descriptor '/home/johann/Documents/GitHub/moray_ws/install/farm_inspection/share/farm_inspection/hook/cmake_prefix_path.dsv'
[2.896s] INFO:colcon.colcon_core.shell:Creating environment hook '/home/johann/Documents/GitHub/moray_ws/install/farm_inspection/share/farm_inspection/hook/cmake_prefix_path.sh'
[2.896s] Level 1:colcon.colcon_core.environment:checking '/home/johann/Documents/GitHub/moray_ws/install/farm_inspection/bin'
[2.896s] Level 1:colcon.colcon_core.environment:checking '/home/johann/Documents/GitHub/moray_ws/install/farm_inspection/lib/pkgconfig/farm_inspection.pc'
[2.897s] Level 1:colcon.colcon_core.environment:checking '/home/johann/Documents/GitHub/moray_ws/install/farm_inspection/lib/python3.10/site-packages'
[2.897s] Level 1:colcon.colcon_core.environment:checking '/home/johann/Documents/GitHub/moray_ws/install/farm_inspection/bin'
[2.897s] INFO:colcon.colcon_core.shell:Creating package script '/home/johann/Documents/GitHub/moray_ws/install/farm_inspection/share/farm_inspection/package.ps1'
[2.897s] INFO:colcon.colcon_core.shell:Creating package descriptor '/home/johann/Documents/GitHub/moray_ws/install/farm_inspection/share/farm_inspection/package.dsv'
[2.897s] INFO:colcon.colcon_core.shell:Creating package script '/home/johann/Documents/GitHub/moray_ws/install/farm_inspection/share/farm_inspection/package.sh'
[2.898s] INFO:colcon.colcon_core.shell:Creating package script '/home/johann/Documents/GitHub/moray_ws/install/farm_inspection/share/farm_inspection/package.bash'
[2.898s] INFO:colcon.colcon_core.shell:Creating package script '/home/johann/Documents/GitHub/moray_ws/install/farm_inspection/share/farm_inspection/package.zsh'
[2.898s] Level 1:colcon.colcon_core.environment:create_file_with_runtime_dependencies(/home/johann/Documents/GitHub/moray_ws/install/farm_inspection/share/colcon-core/packages/farm_inspection)
[2.898s] DEBUG:colcon.colcon_parallel_executor.executor.parallel:closing loop
[2.898s] DEBUG:colcon.colcon_parallel_executor.executor.parallel:loop closed
[2.898s] DEBUG:colcon.colcon_parallel_executor.executor.parallel:run_until_complete finished with '0'
[2.898s] DEBUG:colcon.colcon_core.event_reactor:joining thread
[2.903s] INFO:colcon.colcon_core.plugin_system:Skipping extension 'colcon_notification.desktop_notification.terminal_notifier': Not used on non-Darwin systems
[2.904s] INFO:colcon.colcon_core.plugin_system:Skipping extension 'colcon_notification.desktop_notification.win32': Not used on non-Windows systems
[2.904s] INFO:colcon.colcon_notification.desktop_notification:Sending desktop notification using 'notify2'
[2.919s] DEBUG:colcon.colcon_core.event_reactor:joined thread
[2.919s] INFO:colcon.colcon_core.shell:Creating prefix script '/home/johann/Documents/GitHub/moray_ws/install/local_setup.ps1'
[2.920s] INFO:colcon.colcon_core.shell:Creating prefix util module '/home/johann/Documents/GitHub/moray_ws/install/_local_setup_util_ps1.py'
[2.921s] INFO:colcon.colcon_core.shell:Creating prefix chain script '/home/johann/Documents/GitHub/moray_ws/install/setup.ps1'
[2.922s] INFO:colcon.colcon_core.shell:Creating prefix script '/home/johann/Documents/GitHub/moray_ws/install/local_setup.sh'
[2.922s] INFO:colcon.colcon_core.shell:Creating prefix util module '/home/johann/Documents/GitHub/moray_ws/install/_local_setup_util_sh.py'
[2.923s] INFO:colcon.colcon_core.shell:Creating prefix chain script '/home/johann/Documents/GitHub/moray_ws/install/setup.sh'
[2.923s] INFO:colcon.colcon_core.shell:Creating prefix script '/home/johann/Documents/GitHub/moray_ws/install/local_setup.bash'
[2.924s] INFO:colcon.colcon_core.shell:Creating prefix chain script '/home/johann/Documents/GitHub/moray_ws/install/setup.bash'
[2.925s] INFO:colcon.colcon_core.shell:Creating prefix script '/home/johann/Documents/GitHub/moray_ws/install/local_setup.zsh'
[2.925s] INFO:colcon.colcon_core.shell:Creating prefix chain script '/home/johann/Documents/GitHub/moray_ws/install/setup.zsh'
