-- Install configuration: ""
-- Up-to-date: /home/johann/Documents/GitHub/moray_ws/install/farm_inspection/share/farm_inspection/launch
-- Up-to-date: /home/johann/Documents/GitHub/moray_ws/install/farm_inspection/share/farm_inspection/launch/gazebo_with_bridge.launch.py
-- Up-to-date: /home/johann/Documents/GitHub/moray_ws/install/farm_inspection/share/farm_inspection/models
-- Up-to-date: /home/johann/Documents/GitHub/moray_ws/install/farm_inspection/share/farm_inspection/models/robot.sdf
-- Up-to-date: /home/johann/Documents/GitHub/moray_ws/install/farm_inspection/share/farm_inspection/models/my_robot
-- Up-to-date: /home/johann/Documents/GitHub/moray_ws/install/farm_inspection/share/farm_inspection/models/my_robot/robot_world.sdf
-- Up-to-date: /home/johann/Documents/GitHub/moray_ws/install/farm_inspection/share/farm_inspection/models/my_robot/model.config
-- Up-to-date: /home/johann/Documents/GitHub/moray_ws/install/farm_inspection/share/farm_inspection/models/my_robot/model.sdf
-- Up-to-date: /home/johann/Documents/GitHub/moray_ws/install/farm_inspection/share/farm_inspection/scripts
-- Up-to-date: /home/johann/Documents/GitHub/moray_ws/install/farm_inspection/share/farm_inspection/scripts/mapa_potencial.txt
-- Up-to-date: /home/johann/Documents/GitHub/moray_ws/install/farm_inspection/share/farm_inspection/scripts/map_with_CV.py
-- Up-to-date: /home/johann/Documents/GitHub/moray_ws/install/farm_inspection/share/farm_inspection/scripts/map_with_sdf.py
-- Up-to-date: /home/johann/Documents/GitHub/moray_ws/install/farm_inspection/share/farm_inspection/scripts/lidar_node.cc
-- Up-to-date: /home/johann/Documents/GitHub/moray_ws/install/farm_inspection/share/farm_inspection/scripts/CMakeLists.txt
-- Up-to-date: /home/johann/Documents/GitHub/moray_ws/install/farm_inspection/share/farm_inspection/scripts/Robot_mission.py
-- Up-to-date: /home/johann/Documents/GitHub/moray_ws/install/farm_inspection/share/farm_inspection/scripts/build
-- Up-to-date: /home/johann/Documents/GitHub/moray_ws/install/farm_inspection/share/farm_inspection/scripts/build/CMakeCache.txt
-- Up-to-date: /home/johann/Documents/GitHub/moray_ws/install/farm_inspection/share/farm_inspection/scripts/build/cmake_install.cmake
-- Up-to-date: /home/johann/Documents/GitHub/moray_ws/install/farm_inspection/share/farm_inspection/scripts/build/CMakeFiles
-- Up-to-date: /home/johann/Documents/GitHub/moray_ws/install/farm_inspection/share/farm_inspection/scripts/build/CMakeFiles/progress.marks
-- Up-to-date: /home/johann/Documents/GitHub/moray_ws/install/farm_inspection/share/farm_inspection/scripts/build/CMakeFiles/cmake.check_cache
-- Up-to-date: /home/johann/Documents/GitHub/moray_ws/install/farm_inspection/share/farm_inspection/scripts/build/CMakeFiles/Makefile.cmake
-- Up-to-date: /home/johann/Documents/GitHub/moray_ws/install/farm_inspection/share/farm_inspection/scripts/build/CMakeFiles/lidar_node.dir
-- Up-to-date: /home/johann/Documents/GitHub/moray_ws/install/farm_inspection/share/farm_inspection/scripts/build/CMakeFiles/lidar_node.dir/compiler_depend.make
-- Up-to-date: /home/johann/Documents/GitHub/moray_ws/install/farm_inspection/share/farm_inspection/scripts/build/CMakeFiles/lidar_node.dir/lidar_node.cc.o
-- Up-to-date: /home/johann/Documents/GitHub/moray_ws/install/farm_inspection/share/farm_inspection/scripts/build/CMakeFiles/lidar_node.dir/progress.make
-- Up-to-date: /home/johann/Documents/GitHub/moray_ws/install/farm_inspection/share/farm_inspection/scripts/build/CMakeFiles/lidar_node.dir/lidar_node.cc.o.d
-- Up-to-date: /home/johann/Documents/GitHub/moray_ws/install/farm_inspection/share/farm_inspection/scripts/build/CMakeFiles/lidar_node.dir/build.make
-- Up-to-date: /home/johann/Documents/GitHub/moray_ws/install/farm_inspection/share/farm_inspection/scripts/build/CMakeFiles/lidar_node.dir/cmake_clean.cmake
-- Up-to-date: /home/johann/Documents/GitHub/moray_ws/install/farm_inspection/share/farm_inspection/scripts/build/CMakeFiles/lidar_node.dir/flags.make
-- Up-to-date: /home/johann/Documents/GitHub/moray_ws/install/farm_inspection/share/farm_inspection/scripts/build/CMakeFiles/lidar_node.dir/link.txt
-- Up-to-date: /home/johann/Documents/GitHub/moray_ws/install/farm_inspection/share/farm_inspection/scripts/build/CMakeFiles/lidar_node.dir/depend.make
-- Up-to-date: /home/johann/Documents/GitHub/moray_ws/install/farm_inspection/share/farm_inspection/scripts/build/CMakeFiles/lidar_node.dir/compiler_depend.ts
-- Up-to-date: /home/johann/Documents/GitHub/moray_ws/install/farm_inspection/share/farm_inspection/scripts/build/CMakeFiles/lidar_node.dir/DependInfo.cmake
-- Up-to-date: /home/johann/Documents/GitHub/moray_ws/install/farm_inspection/share/farm_inspection/scripts/build/CMakeFiles/Makefile2
-- Up-to-date: /home/johann/Documents/GitHub/moray_ws/install/farm_inspection/share/farm_inspection/scripts/build/CMakeFiles/CMakeDirectoryInformation.cmake
-- Up-to-date: /home/johann/Documents/GitHub/moray_ws/install/farm_inspection/share/farm_inspection/scripts/build/CMakeFiles/TargetDirectories.txt
-- Up-to-date: /home/johann/Documents/GitHub/moray_ws/install/farm_inspection/share/farm_inspection/scripts/build/CMakeFiles/CMakeOutput.log
-- Up-to-date: /home/johann/Documents/GitHub/moray_ws/install/farm_inspection/share/farm_inspection/scripts/build/CMakeFiles/3.22.1
-- Up-to-date: /home/johann/Documents/GitHub/moray_ws/install/farm_inspection/share/farm_inspection/scripts/build/CMakeFiles/3.22.1/CompilerIdCXX
-- Up-to-date: /home/johann/Documents/GitHub/moray_ws/install/farm_inspection/share/farm_inspection/scripts/build/CMakeFiles/3.22.1/CompilerIdCXX/tmp
-- Up-to-date: /home/johann/Documents/GitHub/moray_ws/install/farm_inspection/share/farm_inspection/scripts/build/CMakeFiles/3.22.1/CompilerIdCXX/a.out
-- Up-to-date: /home/johann/Documents/GitHub/moray_ws/install/farm_inspection/share/farm_inspection/scripts/build/CMakeFiles/3.22.1/CompilerIdCXX/CMakeCXXCompilerId.cpp
-- Up-to-date: /home/johann/Documents/GitHub/moray_ws/install/farm_inspection/share/farm_inspection/scripts/build/CMakeFiles/3.22.1/CMakeSystem.cmake
-- Up-to-date: /home/johann/Documents/GitHub/moray_ws/install/farm_inspection/share/farm_inspection/scripts/build/CMakeFiles/3.22.1/CMakeDetermineCompilerABI_CXX.bin
-- Up-to-date: /home/johann/Documents/GitHub/moray_ws/install/farm_inspection/share/farm_inspection/scripts/build/CMakeFiles/3.22.1/CompilerIdC
-- Up-to-date: /home/johann/Documents/GitHub/moray_ws/install/farm_inspection/share/farm_inspection/scripts/build/CMakeFiles/3.22.1/CompilerIdC/tmp
-- Up-to-date: /home/johann/Documents/GitHub/moray_ws/install/farm_inspection/share/farm_inspection/scripts/build/CMakeFiles/3.22.1/CompilerIdC/a.out
-- Up-to-date: /home/johann/Documents/GitHub/moray_ws/install/farm_inspection/share/farm_inspection/scripts/build/CMakeFiles/3.22.1/CompilerIdC/CMakeCCompilerId.c
-- Up-to-date: /home/johann/Documents/GitHub/moray_ws/install/farm_inspection/share/farm_inspection/scripts/build/CMakeFiles/3.22.1/CMakeDetermineCompilerABI_C.bin
-- Up-to-date: /home/johann/Documents/GitHub/moray_ws/install/farm_inspection/share/farm_inspection/scripts/build/CMakeFiles/3.22.1/CMakeCXXCompiler.cmake
-- Up-to-date: /home/johann/Documents/GitHub/moray_ws/install/farm_inspection/share/farm_inspection/scripts/build/CMakeFiles/3.22.1/CMakeCCompiler.cmake
-- Up-to-date: /home/johann/Documents/GitHub/moray_ws/install/farm_inspection/share/farm_inspection/scripts/build/CMakeFiles/CMakeTmp
-- Up-to-date: /home/johann/Documents/GitHub/moray_ws/install/farm_inspection/share/farm_inspection/scripts/build/lidar_node
-- Up-to-date: /home/johann/Documents/GitHub/moray_ws/install/farm_inspection/share/farm_inspection/scripts/build/compile_commands.json
-- Up-to-date: /home/johann/Documents/GitHub/moray_ws/install/farm_inspection/share/farm_inspection/scripts/build/.cmake
-- Up-to-date: /home/johann/Documents/GitHub/moray_ws/install/farm_inspection/share/farm_inspection/scripts/build/.cmake/api
-- Up-to-date: /home/johann/Documents/GitHub/moray_ws/install/farm_inspection/share/farm_inspection/scripts/build/.cmake/api/v1
-- Up-to-date: /home/johann/Documents/GitHub/moray_ws/install/farm_inspection/share/farm_inspection/scripts/build/.cmake/api/v1/query
-- Up-to-date: /home/johann/Documents/GitHub/moray_ws/install/farm_inspection/share/farm_inspection/scripts/build/.cmake/api/v1/query/client-vscode
-- Up-to-date: /home/johann/Documents/GitHub/moray_ws/install/farm_inspection/share/farm_inspection/scripts/build/.cmake/api/v1/query/client-vscode/query.json
-- Up-to-date: /home/johann/Documents/GitHub/moray_ws/install/farm_inspection/share/farm_inspection/scripts/build/.cmake/api/v1/reply
-- Up-to-date: /home/johann/Documents/GitHub/moray_ws/install/farm_inspection/share/farm_inspection/scripts/build/.cmake/api/v1/reply/toolchains-v1-78e1ec32f5d5e8dda251.json
-- Up-to-date: /home/johann/Documents/GitHub/moray_ws/install/farm_inspection/share/farm_inspection/scripts/build/.cmake/api/v1/reply/cache-v2-abc5de753b0b2bcaf916.json
-- Up-to-date: /home/johann/Documents/GitHub/moray_ws/install/farm_inspection/share/farm_inspection/scripts/build/.cmake/api/v1/reply/codemodel-v2-2f512dbd215771f29cb2.json
-- Up-to-date: /home/johann/Documents/GitHub/moray_ws/install/farm_inspection/share/farm_inspection/scripts/build/.cmake/api/v1/reply/index-2025-07-02T00-07-16-0246.json
-- Up-to-date: /home/johann/Documents/GitHub/moray_ws/install/farm_inspection/share/farm_inspection/scripts/build/.cmake/api/v1/reply/cmakeFiles-v1-93f849ba2223bf8a8325.json
-- Up-to-date: /home/johann/Documents/GitHub/moray_ws/install/farm_inspection/share/farm_inspection/scripts/build/.cmake/api/v1/reply/target-lidar_node-Debug-e99e2cc82c11c715fc83.json
-- Up-to-date: /home/johann/Documents/GitHub/moray_ws/install/farm_inspection/share/farm_inspection/scripts/build/.cmake/api/v1/reply/directory-.-Debug-f5ebdc15457944623624.json
-- Up-to-date: /home/johann/Documents/GitHub/moray_ws/install/farm_inspection/share/farm_inspection/scripts/build/Makefile
-- Up-to-date: /home/johann/Documents/GitHub/moray_ws/install/farm_inspection/share/farm_inspection/src
-- Up-to-date: /home/johann/Documents/GitHub/moray_ws/install/farm_inspection/share/farm_inspection/src/notes.txt
-- Up-to-date: /home/johann/Documents/GitHub/moray_ws/install/farm_inspection/share/farm_inspection/config
-- Up-to-date: /home/johann/Documents/GitHub/moray_ws/install/farm_inspection/share/farm_inspection/config/nav2_params.yaml
-- Up-to-date: /home/johann/Documents/GitHub/moray_ws/install/farm_inspection/share/farm_inspection/world
-- Up-to-date: /home/johann/Documents/GitHub/moray_ws/install/farm_inspection/share/farm_inspection/world/forest.sdf
-- Up-to-date: /home/johann/Documents/GitHub/moray_ws/install/farm_inspection/share/farm_inspection/world/inspection_world.sdf
-- Up-to-date: /home/johann/Documents/GitHub/moray_ws/install/farm_inspection/share/farm_inspection/world/forestV0.sdf
-- Up-to-date: /home/johann/Documents/GitHub/moray_ws/install/farm_inspection/share/farm_inspection/world/forestV2.sdf
-- Up-to-date: /home/johann/Documents/GitHub/moray_ws/install/farm_inspection/share/ament_index/resource_index/package_run_dependencies/farm_inspection
-- Up-to-date: /home/johann/Documents/GitHub/moray_ws/install/farm_inspection/share/ament_index/resource_index/parent_prefix_path/farm_inspection
-- Up-to-date: /home/johann/Documents/GitHub/moray_ws/install/farm_inspection/share/farm_inspection/environment/ament_prefix_path.sh
-- Up-to-date: /home/johann/Documents/GitHub/moray_ws/install/farm_inspection/share/farm_inspection/environment/ament_prefix_path.dsv
-- Up-to-date: /home/johann/Documents/GitHub/moray_ws/install/farm_inspection/share/farm_inspection/environment/path.sh
-- Up-to-date: /home/johann/Documents/GitHub/moray_ws/install/farm_inspection/share/farm_inspection/environment/path.dsv
-- Up-to-date: /home/johann/Documents/GitHub/moray_ws/install/farm_inspection/share/farm_inspection/local_setup.bash
-- Up-to-date: /home/johann/Documents/GitHub/moray_ws/install/farm_inspection/share/farm_inspection/local_setup.sh
-- Up-to-date: /home/johann/Documents/GitHub/moray_ws/install/farm_inspection/share/farm_inspection/local_setup.zsh
-- Up-to-date: /home/johann/Documents/GitHub/moray_ws/install/farm_inspection/share/farm_inspection/local_setup.dsv
-- Up-to-date: /home/johann/Documents/GitHub/moray_ws/install/farm_inspection/share/farm_inspection/package.dsv
-- Up-to-date: /home/johann/Documents/GitHub/moray_ws/install/farm_inspection/share/ament_index/resource_index/packages/farm_inspection
-- Up-to-date: /home/johann/Documents/GitHub/moray_ws/install/farm_inspection/share/farm_inspection/cmake/farm_inspectionConfig.cmake
-- Up-to-date: /home/johann/Documents/GitHub/moray_ws/install/farm_inspection/share/farm_inspection/cmake/farm_inspectionConfig-version.cmake
-- Up-to-date: /home/johann/Documents/GitHub/moray_ws/install/farm_inspection/share/farm_inspection/package.xml
