[0.001s] Invoking command in '/home/johann/Documents/GitHub/moray_ws/build/farm_inspection': CMAKE_PREFIX_PATH=/opt/ros/humble /usr/bin/cmake --build /home/johann/Documents/GitHub/moray_ws/build/farm_inspection -- -j8 -l8
[0.277s] Invoked command in '/home/johann/Documents/GitHub/moray_ws/build/farm_inspection' returned '0': CMAKE_PREFIX_PATH=/opt/ros/humble /usr/bin/cmake --build /home/johann/Documents/GitHub/moray_ws/build/farm_inspection -- -j8 -l8
[0.816s] Invoking command in '/home/johann/Documents/GitHub/moray_ws/build/farm_inspection': CMAKE_PREFIX_PATH=/opt/ros/humble /usr/bin/cmake --install /home/johann/Documents/GitHub/moray_ws/build/farm_inspection
[0.838s] -- Install configuration: ""
[0.838s] -- Up-to-date: /home/johann/Documents/GitHub/moray_ws/install/farm_inspection/share/farm_inspection/launch
[0.859s] -- Up-to-date: /home/johann/Documents/GitHub/moray_ws/install/farm_inspection/share/farm_inspection/launch/gazebo_with_bridge.launch.py
[0.859s] -- Up-to-date: /home/johann/Documents/GitHub/moray_ws/install/farm_inspection/share/farm_inspection/models
[0.961s] -- Up-to-date: /home/johann/Documents/GitHub/moray_ws/install/farm_inspection/share/farm_inspection/models/robot.sdf
[0.961s] -- Up-to-date: /home/johann/Documents/GitHub/moray_ws/install/farm_inspection/share/farm_inspection/models/my_robot
[0.986s] -- Up-to-date: /home/johann/Documents/GitHub/moray_ws/install/farm_inspection/share/farm_inspection/models/my_robot/robot_world.sdf
[0.986s] -- Up-to-date: /home/johann/Documents/GitHub/moray_ws/install/farm_inspection/share/farm_inspection/models/my_robot/model.config
[0.986s] -- Up-to-date: /home/johann/Documents/GitHub/moray_ws/install/farm_inspection/share/farm_inspection/models/my_robot/model.sdf
[0.986s] -- Up-to-date: /home/johann/Documents/GitHub/moray_ws/install/farm_inspection/share/farm_inspection/scripts
[1.044s] -- Up-to-date: /home/johann/Documents/GitHub/moray_ws/install/farm_inspection/share/farm_inspection/scripts/mapa_potencial.txt
[1.044s] -- Up-to-date: /home/johann/Documents/GitHub/moray_ws/install/farm_inspection/share/farm_inspection/scripts/map_with_CV.py
[1.044s] -- Up-to-date: /home/johann/Documents/GitHub/moray_ws/install/farm_inspection/share/farm_inspection/scripts/map_with_sdf.py
[1.044s] -- Up-to-date: /home/johann/Documents/GitHub/moray_ws/install/farm_inspection/share/farm_inspection/scripts/lidar_node.cc
[1.044s] -- Up-to-date: /home/johann/Documents/GitHub/moray_ws/install/farm_inspection/share/farm_inspection/scripts/CMakeLists.txt
[1.044s] -- Up-to-date: /home/johann/Documents/GitHub/moray_ws/install/farm_inspection/share/farm_inspection/scripts/Robot_mission.py
[1.044s] -- Up-to-date: /home/johann/Documents/GitHub/moray_ws/install/farm_inspection/share/farm_inspection/scripts/build
[1.101s] -- Up-to-date: /home/johann/Documents/GitHub/moray_ws/install/farm_inspection/share/farm_inspection/scripts/build/CMakeCache.txt
[1.101s] -- Up-to-date: /home/johann/Documents/GitHub/moray_ws/install/farm_inspection/share/farm_inspection/scripts/build/cmake_install.cmake
[1.102s] -- Up-to-date: /home/johann/Documents/GitHub/moray_ws/install/farm_inspection/share/farm_inspection/scripts/build/CMakeFiles
[1.249s] -- Up-to-date: /home/johann/Documents/GitHub/moray_ws/install/farm_inspection/share/farm_inspection/scripts/build/CMakeFiles/progress.marks
[1.249s] -- Up-to-date: /home/johann/Documents/GitHub/moray_ws/install/farm_inspection/share/farm_inspection/scripts/build/CMakeFiles/cmake.check_cache
[1.249s] -- Up-to-date: /home/johann/Documents/GitHub/moray_ws/install/farm_inspection/share/farm_inspection/scripts/build/CMakeFiles/Makefile.cmake
[1.249s] -- Up-to-date: /home/johann/Documents/GitHub/moray_ws/install/farm_inspection/share/farm_inspection/scripts/build/CMakeFiles/lidar_node.dir
[1.306s] -- Up-to-date: /home/johann/Documents/GitHub/moray_ws/install/farm_inspection/share/farm_inspection/scripts/build/CMakeFiles/lidar_node.dir/compiler_depend.make
[1.306s] -- Up-to-date: /home/johann/Documents/GitHub/moray_ws/install/farm_inspection/share/farm_inspection/scripts/build/CMakeFiles/lidar_node.dir/lidar_node.cc.o
[1.306s] -- Up-to-date: /home/johann/Documents/GitHub/moray_ws/install/farm_inspection/share/farm_inspection/scripts/build/CMakeFiles/lidar_node.dir/progress.make
[1.306s] -- Up-to-date: /home/johann/Documents/GitHub/moray_ws/install/farm_inspection/share/farm_inspection/scripts/build/CMakeFiles/lidar_node.dir/lidar_node.cc.o.d
[1.306s] -- Up-to-date: /home/johann/Documents/GitHub/moray_ws/install/farm_inspection/share/farm_inspection/scripts/build/CMakeFiles/lidar_node.dir/build.make
[1.306s] -- Up-to-date: /home/johann/Documents/GitHub/moray_ws/install/farm_inspection/share/farm_inspection/scripts/build/CMakeFiles/lidar_node.dir/cmake_clean.cmake
[1.306s] -- Up-to-date: /home/johann/Documents/GitHub/moray_ws/install/farm_inspection/share/farm_inspection/scripts/build/CMakeFiles/lidar_node.dir/flags.make
[1.306s] -- Up-to-date: /home/johann/Documents/GitHub/moray_ws/install/farm_inspection/share/farm_inspection/scripts/build/CMakeFiles/lidar_node.dir/link.txt
[1.306s] -- Up-to-date: /home/johann/Documents/GitHub/moray_ws/install/farm_inspection/share/farm_inspection/scripts/build/CMakeFiles/lidar_node.dir/depend.make
[1.306s] -- Up-to-date: /home/johann/Documents/GitHub/moray_ws/install/farm_inspection/share/farm_inspection/scripts/build/CMakeFiles/lidar_node.dir/compiler_depend.ts
[1.306s] -- Up-to-date: /home/johann/Documents/GitHub/moray_ws/install/farm_inspection/share/farm_inspection/scripts/build/CMakeFiles/lidar_node.dir/DependInfo.cmake
[1.307s] -- Up-to-date: /home/johann/Documents/GitHub/moray_ws/install/farm_inspection/share/farm_inspection/scripts/build/CMakeFiles/Makefile2
[1.307s] -- Up-to-date: /home/johann/Documents/GitHub/moray_ws/install/farm_inspection/share/farm_inspection/scripts/build/CMakeFiles/CMakeDirectoryInformation.cmake
[1.307s] -- Up-to-date: /home/johann/Documents/GitHub/moray_ws/install/farm_inspection/share/farm_inspection/scripts/build/CMakeFiles/TargetDirectories.txt
[1.307s] -- Up-to-date: /home/johann/Documents/GitHub/moray_ws/install/farm_inspection/share/farm_inspection/scripts/build/CMakeFiles/CMakeOutput.log
[1.307s] -- Up-to-date: /home/johann/Documents/GitHub/moray_ws/install/farm_inspection/share/farm_inspection/scripts/build/CMakeFiles/3.22.1
[1.331s] -- Up-to-date: /home/johann/Documents/GitHub/moray_ws/install/farm_inspection/share/farm_inspection/scripts/build/CMakeFiles/3.22.1/CompilerIdCXX
[1.433s] -- Up-to-date: /home/johann/Documents/GitHub/moray_ws/install/farm_inspection/share/farm_inspection/scripts/build/CMakeFiles/3.22.1/CompilerIdCXX/tmp
[1.480s] -- Up-to-date: /home/johann/Documents/GitHub/moray_ws/install/farm_inspection/share/farm_inspection/scripts/build/CMakeFiles/3.22.1/CompilerIdCXX/a.out
[1.480s] -- Up-to-date: /home/johann/Documents/GitHub/moray_ws/install/farm_inspection/share/farm_inspection/scripts/build/CMakeFiles/3.22.1/CompilerIdCXX/CMakeCXXCompilerId.cpp
[1.480s] -- Up-to-date: /home/johann/Documents/GitHub/moray_ws/install/farm_inspection/share/farm_inspection/scripts/build/CMakeFiles/3.22.1/CMakeSystem.cmake
[1.480s] -- Up-to-date: /home/johann/Documents/GitHub/moray_ws/install/farm_inspection/share/farm_inspection/scripts/build/CMakeFiles/3.22.1/CMakeDetermineCompilerABI_CXX.bin
[1.480s] -- Up-to-date: /home/johann/Documents/GitHub/moray_ws/install/farm_inspection/share/farm_inspection/scripts/build/CMakeFiles/3.22.1/CompilerIdC
[1.516s] -- Up-to-date: /home/johann/Documents/GitHub/moray_ws/install/farm_inspection/share/farm_inspection/scripts/build/CMakeFiles/3.22.1/CompilerIdC/tmp
[1.584s] -- Up-to-date: /home/johann/Documents/GitHub/moray_ws/install/farm_inspection/share/farm_inspection/scripts/build/CMakeFiles/3.22.1/CompilerIdC/a.out
[1.585s] -- Up-to-date: /home/johann/Documents/GitHub/moray_ws/install/farm_inspection/share/farm_inspection/scripts/build/CMakeFiles/3.22.1/CompilerIdC/CMakeCCompilerId.c
[1.585s] -- Up-to-date: /home/johann/Documents/GitHub/moray_ws/install/farm_inspection/share/farm_inspection/scripts/build/CMakeFiles/3.22.1/CMakeDetermineCompilerABI_C.bin
[1.585s] -- Up-to-date: /home/johann/Documents/GitHub/moray_ws/install/farm_inspection/share/farm_inspection/scripts/build/CMakeFiles/3.22.1/CMakeCXXCompiler.cmake
[1.585s] -- Up-to-date: /home/johann/Documents/GitHub/moray_ws/install/farm_inspection/share/farm_inspection/scripts/build/CMakeFiles/3.22.1/CMakeCCompiler.cmake
[1.585s] -- Up-to-date: /home/johann/Documents/GitHub/moray_ws/install/farm_inspection/share/farm_inspection/scripts/build/CMakeFiles/CMakeTmp
[1.698s] -- Up-to-date: /home/johann/Documents/GitHub/moray_ws/install/farm_inspection/share/farm_inspection/scripts/build/lidar_node
[1.698s] -- Up-to-date: /home/johann/Documents/GitHub/moray_ws/install/farm_inspection/share/farm_inspection/scripts/build/compile_commands.json
[1.698s] -- Up-to-date: /home/johann/Documents/GitHub/moray_ws/install/farm_inspection/share/farm_inspection/scripts/build/.cmake
[1.722s] -- Up-to-date: /home/johann/Documents/GitHub/moray_ws/install/farm_inspection/share/farm_inspection/scripts/build/.cmake/api
[1.849s] -- Up-to-date: /home/johann/Documents/GitHub/moray_ws/install/farm_inspection/share/farm_inspection/scripts/build/.cmake/api/v1
[1.874s] -- Up-to-date: /home/johann/Documents/GitHub/moray_ws/install/farm_inspection/share/farm_inspection/scripts/build/.cmake/api/v1/query
[1.898s] -- Up-to-date: /home/johann/Documents/GitHub/moray_ws/install/farm_inspection/share/farm_inspection/scripts/build/.cmake/api/v1/query/client-vscode
[2.001s] -- Up-to-date: /home/johann/Documents/GitHub/moray_ws/install/farm_inspection/share/farm_inspection/scripts/build/.cmake/api/v1/query/client-vscode/query.json
[2.001s] -- Up-to-date: /home/johann/Documents/GitHub/moray_ws/install/farm_inspection/share/farm_inspection/scripts/build/.cmake/api/v1/reply
[2.025s] -- Up-to-date: /home/johann/Documents/GitHub/moray_ws/install/farm_inspection/share/farm_inspection/scripts/build/.cmake/api/v1/reply/toolchains-v1-78e1ec32f5d5e8dda251.json
[2.025s] -- Up-to-date: /home/johann/Documents/GitHub/moray_ws/install/farm_inspection/share/farm_inspection/scripts/build/.cmake/api/v1/reply/cache-v2-abc5de753b0b2bcaf916.json
[2.025s] -- Up-to-date: /home/johann/Documents/GitHub/moray_ws/install/farm_inspection/share/farm_inspection/scripts/build/.cmake/api/v1/reply/codemodel-v2-2f512dbd215771f29cb2.json
[2.026s] -- Up-to-date: /home/johann/Documents/GitHub/moray_ws/install/farm_inspection/share/farm_inspection/scripts/build/.cmake/api/v1/reply/index-2025-07-02T00-07-16-0246.json
[2.026s] -- Up-to-date: /home/johann/Documents/GitHub/moray_ws/install/farm_inspection/share/farm_inspection/scripts/build/.cmake/api/v1/reply/cmakeFiles-v1-93f849ba2223bf8a8325.json
[2.026s] -- Up-to-date: /home/johann/Documents/GitHub/moray_ws/install/farm_inspection/share/farm_inspection/scripts/build/.cmake/api/v1/reply/target-lidar_node-Debug-e99e2cc82c11c715fc83.json
[2.026s] -- Up-to-date: /home/johann/Documents/GitHub/moray_ws/install/farm_inspection/share/farm_inspection/scripts/build/.cmake/api/v1/reply/directory-.-Debug-f5ebdc15457944623624.json
[2.026s] -- Up-to-date: /home/johann/Documents/GitHub/moray_ws/install/farm_inspection/share/farm_inspection/scripts/build/Makefile
[2.026s] -- Up-to-date: /home/johann/Documents/GitHub/moray_ws/install/farm_inspection/share/farm_inspection/src
[2.074s] -- Up-to-date: /home/johann/Documents/GitHub/moray_ws/install/farm_inspection/share/farm_inspection/src/notes.txt
[2.074s] -- Up-to-date: /home/johann/Documents/GitHub/moray_ws/install/farm_inspection/share/farm_inspection/config
[2.207s] -- Up-to-date: /home/johann/Documents/GitHub/moray_ws/install/farm_inspection/share/farm_inspection/config/nav2_params.yaml
[2.208s] -- Up-to-date: /home/johann/Documents/GitHub/moray_ws/install/farm_inspection/share/farm_inspection/world
[2.208s] -- Up-to-date: /home/johann/Documents/GitHub/moray_ws/install/farm_inspection/share/farm_inspection/world/forest.sdf
[2.208s] -- Up-to-date: /home/johann/Documents/GitHub/moray_ws/install/farm_inspection/share/farm_inspection/world/inspection_world.sdf
[2.208s] -- Up-to-date: /home/johann/Documents/GitHub/moray_ws/install/farm_inspection/share/farm_inspection/world/forestV0.sdf
[2.208s] -- Up-to-date: /home/johann/Documents/GitHub/moray_ws/install/farm_inspection/share/farm_inspection/world/forestV2.sdf
[2.208s] -- Up-to-date: /home/johann/Documents/GitHub/moray_ws/install/farm_inspection/share/ament_index/resource_index/package_run_dependencies/farm_inspection
[2.208s] -- Up-to-date: /home/johann/Documents/GitHub/moray_ws/install/farm_inspection/share/ament_index/resource_index/parent_prefix_path/farm_inspection
[2.208s] -- Up-to-date: /home/johann/Documents/GitHub/moray_ws/install/farm_inspection/share/farm_inspection/environment/ament_prefix_path.sh
[2.208s] -- Up-to-date: /home/johann/Documents/GitHub/moray_ws/install/farm_inspection/share/farm_inspection/environment/ament_prefix_path.dsv
[2.209s] -- Up-to-date: /home/johann/Documents/GitHub/moray_ws/install/farm_inspection/share/farm_inspection/environment/path.sh
[2.209s] -- Up-to-date: /home/johann/Documents/GitHub/moray_ws/install/farm_inspection/share/farm_inspection/environment/path.dsv
[2.209s] -- Up-to-date: /home/johann/Documents/GitHub/moray_ws/install/farm_inspection/share/farm_inspection/local_setup.bash
[2.209s] -- Up-to-date: /home/johann/Documents/GitHub/moray_ws/install/farm_inspection/share/farm_inspection/local_setup.sh
[2.209s] -- Up-to-date: /home/johann/Documents/GitHub/moray_ws/install/farm_inspection/share/farm_inspection/local_setup.zsh
[2.209s] -- Up-to-date: /home/johann/Documents/GitHub/moray_ws/install/farm_inspection/share/farm_inspection/local_setup.dsv
[2.209s] -- Up-to-date: /home/johann/Documents/GitHub/moray_ws/install/farm_inspection/share/farm_inspection/package.dsv
[2.209s] -- Up-to-date: /home/johann/Documents/GitHub/moray_ws/install/farm_inspection/share/ament_index/resource_index/packages/farm_inspection
[2.209s] -- Up-to-date: /home/johann/Documents/GitHub/moray_ws/install/farm_inspection/share/farm_inspection/cmake/farm_inspectionConfig.cmake
[2.209s] -- Up-to-date: /home/johann/Documents/GitHub/moray_ws/install/farm_inspection/share/farm_inspection/cmake/farm_inspectionConfig-version.cmake
[2.209s] -- Up-to-date: /home/johann/Documents/GitHub/moray_ws/install/farm_inspection/share/farm_inspection/package.xml
[2.210s] Invoked command in '/home/johann/Documents/GitHub/moray_ws/build/farm_inspection' returned '0': CMAKE_PREFIX_PATH=/opt/ros/humble /usr/bin/cmake --install /home/johann/Documents/GitHub/moray_ws/build/farm_inspection
